<?xml version="1.0" encoding="UTF-8"?>
<!-- Generated by org.testng.reporters.JUnitReportReporter -->
<testsuite hostname="CHNMCT370731L" failures="0" tests="8" name="testng.attributes" time="0.016" errors="0" timestamp="2024-08-05T12:43:58 IST" skipped="1">
  <testcase classname="testng.attributes" name="tc1" time="0.000"/>
  <system-out/>
  <testcase classname="testng.attributes" name="tc1" time="0.000"/>
  <system-out/>
  <testcase classname="testng.attributes" name="tc1" time="0.000"/>
  <system-out/>
  <testcase classname="testng.attributes" name="ab" time="0.016"/>
  <system-out/>
  <testcase classname="testng.attributes" name="tc4" time="0.000"/>
  <system-out/>
  <testcase classname="testng.attributes" name="tc5" time="0.000"/>
  <system-out/>
  <testcase classname="testng.attributes" name="tc6" time="0.000"/>
  <system-out/>
  <testcase classname="testng.attributes" name="tc2">
    <skipped/>
  </testcase> <!-- tc2 -->
  <system-out/>
</testsuite> <!-- testng.attributes -->
