<?xml version="1.0" encoding="UTF-8"?>
<!-- Generated by org.testng.reporters.JUnitReportReporter -->
<testsuite hostname="CHNMCT370731L" failures="0" tests="1" name="ExcelFile.ExcelFileReadingWriting" time="2.962" errors="0" timestamp="2024-08-07T11:53:31 IST" skipped="0">
  <testcase classname="ExcelFile.ExcelFileReadingWriting" name="excelFileWR" time="2.962"/>
  <system-out/>
</testsuite> <!-- ExcelFile.ExcelFileReadingWriting -->
