<?xml version="1.0" encoding="UTF-8"?>
<!-- Generated by org.testng.reporters.JUnitReportReporter -->
<testsuite hostname="CHNMCT370731L" failures="0" tests="1" name="TestngLogging.testnglogging" time="18.975" errors="0" timestamp="2024-08-06T16:11:05 IST" skipped="0">
  <testcase classname="TestngLogging.testnglogging" name="l1" time="18.975"/>
  <system-out/>
</testsuite> <!-- TestngLogging.testnglogging -->
