<?xml version="1.0" encoding="UTF-8"?>
<!-- Generated by org.testng.reporters.JUnitReportReporter -->
<testsuite hostname="CHNMCT370731L" failures="0" tests="1" name="suiteExe1.c1" time="20.590" errors="0" timestamp="2024-08-05T12:43:58 IST" skipped="0">
  <testcase classname="suiteExe1.c1" name="t1" time="20.590"/>
  <system-out/>
</testsuite> <!-- suiteExe1.c1 -->
