<?xml version="1.0" encoding="UTF-8"?>
<!-- Generated by org.testng.reporters.JUnitReportReporter -->
<testsuite hostname="CHNMCT370731L" failures="0" tests="1" name="parameterization.p1" time="13.432" errors="0" timestamp="2024-08-05T12:43:58 IST" skipped="0">
  <testcase classname="parameterization.p1" name="tc1" time="13.432"/>
  <system-out/>
</testsuite> <!-- parameterization.p1 -->
