<?xml version="1.0" encoding="UTF-8"?>
<!-- Generated by org.testng.reporters.JUnitReportReporter -->
<testsuite hostname="CHNMCT370731L" failures="0" tests="1" name="testng.annotations" time="4.626" errors="0" timestamp="2024-08-05T12:43:58 IST" skipped="0">
  <testcase classname="testng.annotations" name="login" time="4.626"/>
  <system-out/>
</testsuite> <!-- testng.annotations -->
