<?xml version="1.0" encoding="UTF-8"?>
<!-- Generated by org.testng.reporters.JUnitReportReporter -->
<testsuite hostname="CHNMCT370731L" failures="0" tests="1" name="suiteExe1.c2" time="12.260" errors="0" timestamp="2024-08-05T12:43:58 IST" skipped="0">
  <testcase classname="suiteExe1.c2" name="t2" time="12.260"/>
  <system-out/>
</testsuite> <!-- suiteExe1.c2 -->
