<?xml version="1.0" encoding="UTF-8"?>
<!-- Generated by org.testng.reporters.JUnitReportReporter -->
<testsuite hostname="CHNMCT370731L" failures="0" tests="1" name="AutoIt.AutoIt" time="10.288" errors="0" timestamp="2024-08-08T17:03:28 IST" skipped="0">
  <testcase classname="AutoIt.AutoIt" name="autoIt" time="10.288"/>
  <system-out/>
</testsuite> <!-- AutoIt.AutoIt -->
