<?xml version="1.0" encoding="UTF-8"?>
<!-- Generated by org.testng.reporters.JUnitReportReporter -->
<testsuite hostname="CHNMCT370731L" failures="0" tests="1" name="TestngLogging.log" time="17.628" errors="0" timestamp="2024-08-06T20:41:22 IST" skipped="0">
  <testcase classname="TestngLogging.log" name="l1" time="17.628"/>
  <system-out/>
</testsuite> <!-- TestngLogging.log -->
