<?xml version="1.0" encoding="UTF-8"?>
<!-- Generated by org.testng.reporters.JUnitReportReporter -->
<testsuite hostname="CHNMCT370731L" failures="0" tests="3" name="testng.testngBasics" time="0.035" errors="0" timestamp="2024-08-05T12:43:58 IST" skipped="0">
  <testcase classname="testng.testngBasics" name="tc1" time="0.016"/>
  <system-out/>
  <testcase classname="testng.testngBasics" name="ab" time="0.011"/>
  <system-out/>
  <testcase classname="testng.testngBasics" name="tc2" time="0.008"/>
  <system-out/>
</testsuite> <!-- testng.testngBasics -->
