<?xml version="1.0" encoding="UTF-8"?>
<!-- Generated by org.testng.reporters.JUnitReportReporter -->
<testsuite hostname="CHNMCT370731L" failures="0" tests="1" name="suiteExe2.c3" time="14.994" errors="0" timestamp="2024-08-05T12:43:58 IST" skipped="0">
  <testcase classname="suiteExe2.c3" name="t3" time="14.994"/>
  <system-out/>
</testsuite> <!-- suiteExe2.c3 -->
