<?xml version="1.0" encoding="UTF-8"?>
<!-- Generated by org.testng.reporters.JUnitReportReporter -->
<testsuite hostname="CHNMCT370731L" failures="0" tests="1" name="testng.assertions" time="13.545" errors="0" timestamp="2024-07-30T18:12:18 IST" skipped="0">
  <testcase classname="testng.assertions" name="tc1" time="13.545"/>
  <system-out/>
</testsuite> <!-- testng.assertions -->
